<?xml version="1.0" encoding="UTF-8"?><testrun name="Testrunner" project="com.acn.25th_april99" tests="7" started="7" failures="0" errors="6" ignored="0">
  <testsuite name="com.jenkins_practice.Testrunner" time="76.587">
    <testsuite name="Feature: Perform all the functions in TestMeApp" time="76.587">
      <testcase name="I want to register successfully in TestMeApp" classname="Perform all the functions in TestMeApp" time="76.518"/>
      <testcase name="I want to login into TestMeApp with valid credentials" classname="Perform all the functions in TestMeApp" time="0.026">
        <error>java.lang.IllegalStateException: The driver executable does not exist: C:\driver99999\chromedriver.exe&#13;
	at com.google.common.base.Preconditions.checkState(Preconditions.java:585)&#13;
	at org.openqa.selenium.remote.service.DriverService.checkExecutable(DriverService.java:137)&#13;
	at org.openqa.selenium.remote.service.DriverService.findExecutable(DriverService.java:132)&#13;
	at org.openqa.selenium.chrome.ChromeDriverService.access$000(ChromeDriverService.java:35)&#13;
	at org.openqa.selenium.chrome.ChromeDriverService$Builder.findDefaultExecutable(ChromeDriverService.java:156)&#13;
	at org.openqa.selenium.remote.service.DriverService$Builder.build(DriverService.java:346)&#13;
	at org.openqa.selenium.chrome.ChromeDriverService.createDefaultService(ChromeDriverService.java:91)&#13;
	at org.openqa.selenium.chrome.ChromeDriver.&lt;init&gt;(ChromeDriver.java:123)&#13;
	at step_definition.Test_steps.i_will_be_on_Login_Page(Test_steps.java:82)&#13;
	at ✽.I will be on Login Page(Feature99/Test_meapp99_case_study.feature:19)&#13;
&#13;
</error>
      </testcase>
      <testcase name="I want to login into TestMeApp with valid credentials" classname="Perform all the functions in TestMeApp" time="0.006">
        <error>java.lang.IllegalStateException: The driver executable does not exist: C:\driver99999\chromedriver.exe&#13;
	at com.google.common.base.Preconditions.checkState(Preconditions.java:585)&#13;
	at org.openqa.selenium.remote.service.DriverService.checkExecutable(DriverService.java:137)&#13;
	at org.openqa.selenium.remote.service.DriverService.findExecutable(DriverService.java:132)&#13;
	at org.openqa.selenium.chrome.ChromeDriverService.access$000(ChromeDriverService.java:35)&#13;
	at org.openqa.selenium.chrome.ChromeDriverService$Builder.findDefaultExecutable(ChromeDriverService.java:156)&#13;
	at org.openqa.selenium.remote.service.DriverService$Builder.build(DriverService.java:346)&#13;
	at org.openqa.selenium.chrome.ChromeDriverService.createDefaultService(ChromeDriverService.java:91)&#13;
	at org.openqa.selenium.chrome.ChromeDriver.&lt;init&gt;(ChromeDriver.java:123)&#13;
	at step_definition.Test_steps.i_will_be_on_Login_Page(Test_steps.java:82)&#13;
	at ✽.I will be on Login Page(Feature99/Test_meapp99_case_study.feature:19)&#13;
&#13;
</error>
      </testcase>
      <testcase name="Product Purchase" classname="Perform all the functions in TestMeApp" time="0.01">
        <error>java.lang.IllegalStateException: The driver executable does not exist: C:\driver99999\chromedriver.exe&#13;
	at com.google.common.base.Preconditions.checkState(Preconditions.java:585)&#13;
	at org.openqa.selenium.remote.service.DriverService.checkExecutable(DriverService.java:137)&#13;
	at org.openqa.selenium.remote.service.DriverService.findExecutable(DriverService.java:132)&#13;
	at org.openqa.selenium.chrome.ChromeDriverService.access$000(ChromeDriverService.java:35)&#13;
	at org.openqa.selenium.chrome.ChromeDriverService$Builder.findDefaultExecutable(ChromeDriverService.java:156)&#13;
	at org.openqa.selenium.remote.service.DriverService$Builder.build(DriverService.java:346)&#13;
	at org.openqa.selenium.chrome.ChromeDriverService.createDefaultService(ChromeDriverService.java:91)&#13;
	at org.openqa.selenium.chrome.ChromeDriver.&lt;init&gt;(ChromeDriver.java:123)&#13;
	at step_definition.Test_steps.i_will_be_on_Log_In_page(Test_steps.java:110)&#13;
	at ✽.I will be on Log In page(Feature99/Test_meapp99_case_study.feature:31)&#13;
&#13;
</error>
      </testcase>
      <testcase name="I will try to Login to TestMeApp without entering Password" classname="Perform all the functions in TestMeApp" time="0.006">
        <error>java.lang.IllegalStateException: The driver executable does not exist: C:\driver99999\chromedriver.exe&#13;
	at com.google.common.base.Preconditions.checkState(Preconditions.java:585)&#13;
	at org.openqa.selenium.remote.service.DriverService.checkExecutable(DriverService.java:137)&#13;
	at org.openqa.selenium.remote.service.DriverService.findExecutable(DriverService.java:132)&#13;
	at org.openqa.selenium.chrome.ChromeDriverService.access$000(ChromeDriverService.java:35)&#13;
	at org.openqa.selenium.chrome.ChromeDriverService$Builder.findDefaultExecutable(ChromeDriverService.java:156)&#13;
	at org.openqa.selenium.remote.service.DriverService$Builder.build(DriverService.java:346)&#13;
	at org.openqa.selenium.chrome.ChromeDriverService.createDefaultService(ChromeDriverService.java:91)&#13;
	at org.openqa.selenium.chrome.ChromeDriver.&lt;init&gt;(ChromeDriver.java:123)&#13;
	at step_definition.Test_steps.i_am_on_the_Login_Page(Test_steps.java:168)&#13;
	at ✽.I am on the Login Page(Feature99/Test_meapp99_case_study.feature:42)&#13;
&#13;
</error>
      </testcase>
      <testcase name="Desired Product is not available" classname="Perform all the functions in TestMeApp" time="0.005">
        <error>java.lang.IllegalStateException: The driver executable does not exist: C:\driver99999\chromedriver.exe&#13;
	at com.google.common.base.Preconditions.checkState(Preconditions.java:585)&#13;
	at org.openqa.selenium.remote.service.DriverService.checkExecutable(DriverService.java:137)&#13;
	at org.openqa.selenium.remote.service.DriverService.findExecutable(DriverService.java:132)&#13;
	at org.openqa.selenium.chrome.ChromeDriverService.access$000(ChromeDriverService.java:35)&#13;
	at org.openqa.selenium.chrome.ChromeDriverService$Builder.findDefaultExecutable(ChromeDriverService.java:156)&#13;
	at org.openqa.selenium.remote.service.DriverService$Builder.build(DriverService.java:346)&#13;
	at org.openqa.selenium.chrome.ChromeDriverService.createDefaultService(ChromeDriverService.java:91)&#13;
	at org.openqa.selenium.chrome.ChromeDriver.&lt;init&gt;(ChromeDriver.java:123)&#13;
	at step_definition.Test_steps.i_am_on_the_Login_page_of_TestMeApp(Test_steps.java:196)&#13;
	at ✽.I am on the Login page of TestMeApp(Feature99/Test_meapp99_case_study.feature:49)&#13;
&#13;
</error>
      </testcase>
      <testcase name="I will move to the cart without adding any item in it." classname="Perform all the functions in TestMeApp" time="0.007">
        <error>java.lang.IllegalStateException: The driver executable does not exist: C:\driver99999\chromedriver.exe&#13;
	at com.google.common.base.Preconditions.checkState(Preconditions.java:585)&#13;
	at org.openqa.selenium.remote.service.DriverService.checkExecutable(DriverService.java:137)&#13;
	at org.openqa.selenium.remote.service.DriverService.findExecutable(DriverService.java:132)&#13;
	at org.openqa.selenium.chrome.ChromeDriverService.access$000(ChromeDriverService.java:35)&#13;
	at org.openqa.selenium.chrome.ChromeDriverService$Builder.findDefaultExecutable(ChromeDriverService.java:156)&#13;
	at org.openqa.selenium.remote.service.DriverService$Builder.build(DriverService.java:346)&#13;
	at org.openqa.selenium.chrome.ChromeDriverService.createDefaultService(ChromeDriverService.java:91)&#13;
	at org.openqa.selenium.chrome.ChromeDriver.&lt;init&gt;(ChromeDriver.java:123)&#13;
	at step_definition.Test_steps.i_will_Login_to_the_TestMeApp(Test_steps.java:236)&#13;
	at ✽.I will Login to the TestMeApp(Feature99/Test_meapp99_case_study.feature:58)&#13;
&#13;
</error>
      </testcase>
    </testsuite>
  </testsuite>
</testrun>
