<?xml version="1.0" encoding="UTF-8"?><testrun name="Testrunner" project="com.acn.25th_april99" tests="7" started="7" failures="0" errors="2" ignored="0">
  <testsuite name="com.jenkins_practice.Testrunner" time="263.749">
    <testsuite name="Feature: Perform all the functions in TestMeApp" time="263.749">
      <testcase name="I want to register successfully in TestMeApp" classname="Perform all the functions in TestMeApp" time="51.018"/>
      <testcase name="I want to login into TestMeApp with valid credentials" classname="Perform all the functions in TestMeApp" time="0.016">
        <error>java.lang.IllegalStateException: The driver executable does not exist: C:\driver99999\chromedriver.exe&#13;
	at com.google.common.base.Preconditions.checkState(Preconditions.java:585)&#13;
	at org.openqa.selenium.remote.service.DriverService.checkExecutable(DriverService.java:137)&#13;
	at org.openqa.selenium.remote.service.DriverService.findExecutable(DriverService.java:132)&#13;
	at org.openqa.selenium.chrome.ChromeDriverService.access$000(ChromeDriverService.java:35)&#13;
	at org.openqa.selenium.chrome.ChromeDriverService$Builder.findDefaultExecutable(ChromeDriverService.java:156)&#13;
	at org.openqa.selenium.remote.service.DriverService$Builder.build(DriverService.java:346)&#13;
	at org.openqa.selenium.chrome.ChromeDriverService.createDefaultService(ChromeDriverService.java:91)&#13;
	at org.openqa.selenium.chrome.ChromeDriver.&lt;init&gt;(ChromeDriver.java:123)&#13;
	at step_definition.Test_steps.i_will_be_on_Login_Page(Test_steps.java:82)&#13;
	at ✽.I will be on Login Page(Feature99/Test_meapp99_case_study.feature:19)&#13;
&#13;
</error>
      </testcase>
      <testcase name="I want to login into TestMeApp with valid credentials" classname="Perform all the functions in TestMeApp" time="0.004">
        <error>java.lang.IllegalStateException: The driver executable does not exist: C:\driver99999\chromedriver.exe&#13;
	at com.google.common.base.Preconditions.checkState(Preconditions.java:585)&#13;
	at org.openqa.selenium.remote.service.DriverService.checkExecutable(DriverService.java:137)&#13;
	at org.openqa.selenium.remote.service.DriverService.findExecutable(DriverService.java:132)&#13;
	at org.openqa.selenium.chrome.ChromeDriverService.access$000(ChromeDriverService.java:35)&#13;
	at org.openqa.selenium.chrome.ChromeDriverService$Builder.findDefaultExecutable(ChromeDriverService.java:156)&#13;
	at org.openqa.selenium.remote.service.DriverService$Builder.build(DriverService.java:346)&#13;
	at org.openqa.selenium.chrome.ChromeDriverService.createDefaultService(ChromeDriverService.java:91)&#13;
	at org.openqa.selenium.chrome.ChromeDriver.&lt;init&gt;(ChromeDriver.java:123)&#13;
	at step_definition.Test_steps.i_will_be_on_Login_Page(Test_steps.java:82)&#13;
	at ✽.I will be on Login Page(Feature99/Test_meapp99_case_study.feature:19)&#13;
&#13;
</error>
      </testcase>
      <testcase name="Product Purchase" classname="Perform all the functions in TestMeApp" time="90.436"/>
      <testcase name="I will try to Login to TestMeApp without entering Password" classname="Perform all the functions in TestMeApp" time="40.218"/>
      <testcase name="Desired Product is not available" classname="Perform all the functions in TestMeApp" time="37.648"/>
      <testcase name="I will move to the cart without adding any item in it." classname="Perform all the functions in TestMeApp" time="44.406"/>
    </testsuite>
  </testsuite>
</testrun>
