<?xml version="1.0" encoding="UTF-8"?><testrun name="Testrunner" project="com.acn.25th_april99" tests="7" started="7" failures="0" errors="7" ignored="0">
  <testsuite name="com.jenkins_practice.Testrunner" time="29.509">
    <testsuite name="Feature: Perform all the functions in TestMeApp" time="29.509">
      <testcase name="I want to register successfully in TestMeApp" classname="Perform all the functions in TestMeApp" time="12.367">
        <error>org.openqa.selenium.WebDriverException: chrome not reachable
  (Session info: chrome=81.0.4044.122)
Build info: version: '3.14.0', revision: 'aacccce0', time: '2018-08-02T20:19:58.91Z'
System info: host: 'DESKTOP-5DV0S17', ip: '192.168.43.204', os.name: 'Windows 10', os.arch: 'amd64', os.version: '10.0', java.version: '1.8.0_162-ea'
Driver info: org.openqa.selenium.chrome.ChromeDriver
Capabilities {acceptInsecureCerts: false, browserName: chrome, browserVersion: 81.0.4044.122, chrome: {chromedriverVersion: 80.0.3987.106 (f68069574609..., userDataDir: C:\Users\user\AppData\Local...}, goog:chromeOptions: {debuggerAddress: localhost:50341}, javascriptEnabled: true, networkConnectionEnabled: false, pageLoadStrategy: normal, platform: WINDOWS, platformName: WINDOWS, proxy: Proxy(), setWindowRect: true, strictFileInteractability: false, timeouts: {implicit: 0, pageLoad: 300000, script: 30000}, unhandledPromptBehavior: dismiss and notify}
Session ID: beb6b5d0484a17ef344f03bd420c3ecb&#13;
	at sun.reflect.NativeConstructorAccessorImpl.newInstance0(Native Method)&#13;
	at sun.reflect.NativeConstructorAccessorImpl.newInstance(Unknown Source)&#13;
	at sun.reflect.DelegatingConstructorAccessorImpl.newInstance(Unknown Source)&#13;
	at java.lang.reflect.Constructor.newInstance(Unknown Source)&#13;
	at org.openqa.selenium.remote.http.W3CHttpResponseCodec.createException(W3CHttpResponseCodec.java:187)&#13;
	at org.openqa.selenium.remote.http.W3CHttpResponseCodec.decode(W3CHttpResponseCodec.java:122)&#13;
	at org.openqa.selenium.remote.http.W3CHttpResponseCodec.decode(W3CHttpResponseCodec.java:49)&#13;
	at org.openqa.selenium.remote.HttpCommandExecutor.execute(HttpCommandExecutor.java:158)&#13;
	at org.openqa.selenium.remote.service.DriverCommandExecutor.execute(DriverCommandExecutor.java:83)&#13;
	at org.openqa.selenium.remote.RemoteWebDriver.execute(RemoteWebDriver.java:548)&#13;
	at org.openqa.selenium.remote.RemoteWebDriver.execute(RemoteWebDriver.java:605)&#13;
	at org.openqa.selenium.remote.RemoteWebDriver$RemoteWebDriverOptions$RemoteWindow.maximize(RemoteWebDriver.java:833)&#13;
	at step_definition.Test_steps.i_will_be_on_SignUp_page(Test_steps.java:22)&#13;
	at ✽.I will be on SignUp page(Feature99/Test_meapp99_case_study.feature:6)&#13;
&#13;
</error>
      </testcase>
      <testcase name="I want to login into TestMeApp with valid credentials" classname="Perform all the functions in TestMeApp" time="0.012">
        <error>java.lang.IllegalStateException: The driver executable does not exist: C:\driver99999\chromedriver.exe&#13;
	at com.google.common.base.Preconditions.checkState(Preconditions.java:585)&#13;
	at org.openqa.selenium.remote.service.DriverService.checkExecutable(DriverService.java:137)&#13;
	at org.openqa.selenium.remote.service.DriverService.findExecutable(DriverService.java:132)&#13;
	at org.openqa.selenium.chrome.ChromeDriverService.access$000(ChromeDriverService.java:35)&#13;
	at org.openqa.selenium.chrome.ChromeDriverService$Builder.findDefaultExecutable(ChromeDriverService.java:156)&#13;
	at org.openqa.selenium.remote.service.DriverService$Builder.build(DriverService.java:346)&#13;
	at org.openqa.selenium.chrome.ChromeDriverService.createDefaultService(ChromeDriverService.java:91)&#13;
	at org.openqa.selenium.chrome.ChromeDriver.&lt;init&gt;(ChromeDriver.java:123)&#13;
	at step_definition.Test_steps.i_will_be_on_Login_Page(Test_steps.java:82)&#13;
	at ✽.I will be on Login Page(Feature99/Test_meapp99_case_study.feature:19)&#13;
&#13;
</error>
      </testcase>
      <testcase name="I want to login into TestMeApp with valid credentials" classname="Perform all the functions in TestMeApp" time="0.008">
        <error>java.lang.IllegalStateException: The driver executable does not exist: C:\driver99999\chromedriver.exe&#13;
	at com.google.common.base.Preconditions.checkState(Preconditions.java:585)&#13;
	at org.openqa.selenium.remote.service.DriverService.checkExecutable(DriverService.java:137)&#13;
	at org.openqa.selenium.remote.service.DriverService.findExecutable(DriverService.java:132)&#13;
	at org.openqa.selenium.chrome.ChromeDriverService.access$000(ChromeDriverService.java:35)&#13;
	at org.openqa.selenium.chrome.ChromeDriverService$Builder.findDefaultExecutable(ChromeDriverService.java:156)&#13;
	at org.openqa.selenium.remote.service.DriverService$Builder.build(DriverService.java:346)&#13;
	at org.openqa.selenium.chrome.ChromeDriverService.createDefaultService(ChromeDriverService.java:91)&#13;
	at org.openqa.selenium.chrome.ChromeDriver.&lt;init&gt;(ChromeDriver.java:123)&#13;
	at step_definition.Test_steps.i_will_be_on_Login_Page(Test_steps.java:82)&#13;
	at ✽.I will be on Login Page(Feature99/Test_meapp99_case_study.feature:19)&#13;
&#13;
</error>
      </testcase>
      <testcase name="Product Purchase" classname="Perform all the functions in TestMeApp" time="4.001">
        <error>org.openqa.selenium.WebDriverException: unknown error: cannot determine loading status
from disconnected: received Inspector.detached event
  (Session info: chrome=81.0.4044.122)
Build info: version: '3.14.0', revision: 'aacccce0', time: '2018-08-02T20:19:58.91Z'
System info: host: 'DESKTOP-5DV0S17', ip: '192.168.43.204', os.name: 'Windows 10', os.arch: 'amd64', os.version: '10.0', java.version: '1.8.0_162-ea'
Driver info: org.openqa.selenium.chrome.ChromeDriver
Capabilities {acceptInsecureCerts: false, browserName: chrome, browserVersion: 81.0.4044.122, chrome: {chromedriverVersion: 80.0.3987.106 (f68069574609..., userDataDir: C:\Users\user\AppData\Local...}, goog:chromeOptions: {debuggerAddress: localhost:50375}, javascriptEnabled: true, networkConnectionEnabled: false, pageLoadStrategy: normal, platform: WINDOWS, platformName: WINDOWS, proxy: Proxy(), setWindowRect: true, strictFileInteractability: false, timeouts: {implicit: 0, pageLoad: 300000, script: 30000}, unhandledPromptBehavior: dismiss and notify}
Session ID: b05dfe24a25dc042e059da045ddd2328&#13;
	at sun.reflect.NativeConstructorAccessorImpl.newInstance0(Native Method)&#13;
	at sun.reflect.NativeConstructorAccessorImpl.newInstance(Unknown Source)&#13;
	at sun.reflect.DelegatingConstructorAccessorImpl.newInstance(Unknown Source)&#13;
	at java.lang.reflect.Constructor.newInstance(Unknown Source)&#13;
	at org.openqa.selenium.remote.http.W3CHttpResponseCodec.createException(W3CHttpResponseCodec.java:187)&#13;
	at org.openqa.selenium.remote.http.W3CHttpResponseCodec.decode(W3CHttpResponseCodec.java:122)&#13;
	at org.openqa.selenium.remote.http.W3CHttpResponseCodec.decode(W3CHttpResponseCodec.java:49)&#13;
	at org.openqa.selenium.remote.HttpCommandExecutor.execute(HttpCommandExecutor.java:158)&#13;
	at org.openqa.selenium.remote.service.DriverCommandExecutor.execute(DriverCommandExecutor.java:83)&#13;
	at org.openqa.selenium.remote.RemoteWebDriver.execute(RemoteWebDriver.java:548)&#13;
	at org.openqa.selenium.remote.RemoteWebDriver.get(RemoteWebDriver.java:276)&#13;
	at step_definition.Test_steps.i_will_be_on_Log_In_page(Test_steps.java:112)&#13;
	at ✽.I will be on Log In page(Feature99/Test_meapp99_case_study.feature:31)&#13;
&#13;
</error>
      </testcase>
      <testcase name="I will try to Login to TestMeApp without entering Password" classname="Perform all the functions in TestMeApp" time="3.075">
        <error>org.openqa.selenium.WebDriverException: unknown error: cannot determine loading status
from disconnected: received Inspector.detached event
  (Session info: chrome=81.0.4044.122)
Build info: version: '3.14.0', revision: 'aacccce0', time: '2018-08-02T20:19:58.91Z'
System info: host: 'DESKTOP-5DV0S17', ip: '192.168.43.204', os.name: 'Windows 10', os.arch: 'amd64', os.version: '10.0', java.version: '1.8.0_162-ea'
Driver info: org.openqa.selenium.chrome.ChromeDriver
Capabilities {acceptInsecureCerts: false, browserName: chrome, browserVersion: 81.0.4044.122, chrome: {chromedriverVersion: 80.0.3987.106 (f68069574609..., userDataDir: C:\Users\user\AppData\Local...}, goog:chromeOptions: {debuggerAddress: localhost:50389}, javascriptEnabled: true, networkConnectionEnabled: false, pageLoadStrategy: normal, platform: WINDOWS, platformName: WINDOWS, proxy: Proxy(), setWindowRect: true, strictFileInteractability: false, timeouts: {implicit: 0, pageLoad: 300000, script: 30000}, unhandledPromptBehavior: dismiss and notify}
Session ID: c88b294da7f98f0cf1c83227f81b9864&#13;
	at sun.reflect.NativeConstructorAccessorImpl.newInstance0(Native Method)&#13;
	at sun.reflect.NativeConstructorAccessorImpl.newInstance(Unknown Source)&#13;
	at sun.reflect.DelegatingConstructorAccessorImpl.newInstance(Unknown Source)&#13;
	at java.lang.reflect.Constructor.newInstance(Unknown Source)&#13;
	at org.openqa.selenium.remote.http.W3CHttpResponseCodec.createException(W3CHttpResponseCodec.java:187)&#13;
	at org.openqa.selenium.remote.http.W3CHttpResponseCodec.decode(W3CHttpResponseCodec.java:122)&#13;
	at org.openqa.selenium.remote.http.W3CHttpResponseCodec.decode(W3CHttpResponseCodec.java:49)&#13;
	at org.openqa.selenium.remote.HttpCommandExecutor.execute(HttpCommandExecutor.java:158)&#13;
	at org.openqa.selenium.remote.service.DriverCommandExecutor.execute(DriverCommandExecutor.java:83)&#13;
	at org.openqa.selenium.remote.RemoteWebDriver.execute(RemoteWebDriver.java:548)&#13;
	at org.openqa.selenium.remote.RemoteWebDriver.get(RemoteWebDriver.java:276)&#13;
	at step_definition.Test_steps.i_am_on_the_Login_Page(Test_steps.java:170)&#13;
	at ✽.I am on the Login Page(Feature99/Test_meapp99_case_study.feature:42)&#13;
&#13;
</error>
      </testcase>
      <testcase name="Desired Product is not available" classname="Perform all the functions in TestMeApp" time="2.696">
        <error>org.openqa.selenium.WebDriverException: unknown error: cannot determine loading status
from disconnected: received Inspector.detached event
  (Session info: chrome=81.0.4044.122)
Build info: version: '3.14.0', revision: 'aacccce0', time: '2018-08-02T20:19:58.91Z'
System info: host: 'DESKTOP-5DV0S17', ip: '192.168.43.204', os.name: 'Windows 10', os.arch: 'amd64', os.version: '10.0', java.version: '1.8.0_162-ea'
Driver info: org.openqa.selenium.chrome.ChromeDriver
Capabilities {acceptInsecureCerts: false, browserName: chrome, browserVersion: 81.0.4044.122, chrome: {chromedriverVersion: 80.0.3987.106 (f68069574609..., userDataDir: C:\Users\user\AppData\Local...}, goog:chromeOptions: {debuggerAddress: localhost:50403}, javascriptEnabled: true, networkConnectionEnabled: false, pageLoadStrategy: normal, platform: WINDOWS, platformName: WINDOWS, proxy: Proxy(), setWindowRect: true, strictFileInteractability: false, timeouts: {implicit: 0, pageLoad: 300000, script: 30000}, unhandledPromptBehavior: dismiss and notify}
Session ID: 90de7dbcac8486924994ad3ec1fb3153&#13;
	at sun.reflect.NativeConstructorAccessorImpl.newInstance0(Native Method)&#13;
	at sun.reflect.NativeConstructorAccessorImpl.newInstance(Unknown Source)&#13;
	at sun.reflect.DelegatingConstructorAccessorImpl.newInstance(Unknown Source)&#13;
	at java.lang.reflect.Constructor.newInstance(Unknown Source)&#13;
	at org.openqa.selenium.remote.http.W3CHttpResponseCodec.createException(W3CHttpResponseCodec.java:187)&#13;
	at org.openqa.selenium.remote.http.W3CHttpResponseCodec.decode(W3CHttpResponseCodec.java:122)&#13;
	at org.openqa.selenium.remote.http.W3CHttpResponseCodec.decode(W3CHttpResponseCodec.java:49)&#13;
	at org.openqa.selenium.remote.HttpCommandExecutor.execute(HttpCommandExecutor.java:158)&#13;
	at org.openqa.selenium.remote.service.DriverCommandExecutor.execute(DriverCommandExecutor.java:83)&#13;
	at org.openqa.selenium.remote.RemoteWebDriver.execute(RemoteWebDriver.java:548)&#13;
	at org.openqa.selenium.remote.RemoteWebDriver.get(RemoteWebDriver.java:276)&#13;
	at step_definition.Test_steps.i_am_on_the_Login_page_of_TestMeApp(Test_steps.java:198)&#13;
	at ✽.I am on the Login page of TestMeApp(Feature99/Test_meapp99_case_study.feature:49)&#13;
&#13;
</error>
      </testcase>
      <testcase name="I will move to the cart without adding any item in it." classname="Perform all the functions in TestMeApp" time="7.33">
        <error>org.openqa.selenium.SessionNotCreatedException: session not created
from chrome not reachable
  (Session info: chrome=81.0.4044.122)
Build info: version: '3.14.0', revision: 'aacccce0', time: '2018-08-02T20:19:58.91Z'
System info: host: 'DESKTOP-5DV0S17', ip: '192.168.43.204', os.name: 'Windows 10', os.arch: 'amd64', os.version: '10.0', java.version: '1.8.0_162-ea'
Driver info: driver.version: ChromeDriver
remote stacktrace: Backtrace:
	Ordinal0 [0x00E90C83+1707139]
	Ordinal0 [0x00DF68F1+1075441]
	Ordinal0 [0x00D6DE72+515698]
	Ordinal0 [0x00D67CA8+490664]
	Ordinal0 [0x00D6839B+492443]
	Ordinal0 [0x00D692F5+496373]
	Ordinal0 [0x00D64F05+478981]
	Ordinal0 [0x00D6ECA0+519328]
	Ordinal0 [0x00D1CA67+182887]
	Ordinal0 [0x00D1BDDD+179677]
	Ordinal0 [0x00D19D4B+171339]
	Ordinal0 [0x00D01D4A+73034]
	Ordinal0 [0x00D02DC0+77248]
	Ordinal0 [0x00D02D59+77145]
	Ordinal0 [0x00E0BB67+1162087]
	GetHandleVerifier [0x00F2A966+508998]
	GetHandleVerifier [0x00F2A6A4+508292]
	GetHandleVerifier [0x00F3F7B7+594583]
	GetHandleVerifier [0x00F2B1D6+511158]
	Ordinal0 [0x00E0402C+1130540]
	Ordinal0 [0x00E0D4CB+1168587]
	Ordinal0 [0x00E0D633+1168947]
	Ordinal0 [0x00E25B35+1268533]
	BaseThreadInitThunk [0x776B3744+36]
	RtlSetCurrentTransaction [0x77CDA064+212]
	RtlSetCurrentTransaction [0x77CDA02F+159]
&#13;
	at sun.reflect.NativeConstructorAccessorImpl.newInstance0(Native Method)&#13;
	at sun.reflect.NativeConstructorAccessorImpl.newInstance(Unknown Source)&#13;
	at sun.reflect.DelegatingConstructorAccessorImpl.newInstance(Unknown Source)&#13;
	at java.lang.reflect.Constructor.newInstance(Unknown Source)&#13;
	at org.openqa.selenium.remote.W3CHandshakeResponse.lambda$new$0(W3CHandshakeResponse.java:57)&#13;
	at org.openqa.selenium.remote.W3CHandshakeResponse.lambda$getResponseFunction$2(W3CHandshakeResponse.java:104)&#13;
	at org.openqa.selenium.remote.ProtocolHandshake.lambda$createSession$0(ProtocolHandshake.java:122)&#13;
	at java.util.stream.ReferencePipeline$3$1.accept(Unknown Source)&#13;
	at java.util.Spliterators$ArraySpliterator.tryAdvance(Unknown Source)&#13;
	at java.util.stream.ReferencePipeline.forEachWithCancel(Unknown Source)&#13;
	at java.util.stream.AbstractPipeline.copyIntoWithCancel(Unknown Source)&#13;
	at java.util.stream.AbstractPipeline.copyInto(Unknown Source)&#13;
	at java.util.stream.AbstractPipeline.wrapAndCopyInto(Unknown Source)&#13;
	at java.util.stream.FindOps$FindOp.evaluateSequential(Unknown Source)&#13;
	at java.util.stream.AbstractPipeline.evaluate(Unknown Source)&#13;
	at java.util.stream.ReferencePipeline.findFirst(Unknown Source)&#13;
	at org.openqa.selenium.remote.ProtocolHandshake.createSession(ProtocolHandshake.java:125)&#13;
	at org.openqa.selenium.remote.ProtocolHandshake.createSession(ProtocolHandshake.java:73)&#13;
	at org.openqa.selenium.remote.HttpCommandExecutor.execute(HttpCommandExecutor.java:136)&#13;
	at org.openqa.selenium.remote.service.DriverCommandExecutor.execute(DriverCommandExecutor.java:83)&#13;
	at org.openqa.selenium.remote.RemoteWebDriver.execute(RemoteWebDriver.java:548)&#13;
	at org.openqa.selenium.remote.RemoteWebDriver.startSession(RemoteWebDriver.java:212)&#13;
	at org.openqa.selenium.remote.RemoteWebDriver.&lt;init&gt;(RemoteWebDriver.java:130)&#13;
	at org.openqa.selenium.chrome.ChromeDriver.&lt;init&gt;(ChromeDriver.java:181)&#13;
	at org.openqa.selenium.chrome.ChromeDriver.&lt;init&gt;(ChromeDriver.java:168)&#13;
	at org.openqa.selenium.chrome.ChromeDriver.&lt;init&gt;(ChromeDriver.java:123)&#13;
	at step_definition.Test_steps.i_will_Login_to_the_TestMeApp(Test_steps.java:236)&#13;
	at ✽.I will Login to the TestMeApp(Feature99/Test_meapp99_case_study.feature:58)&#13;
&#13;
</error>
      </testcase>
    </testsuite>
  </testsuite>
</testrun>
